[2J[01;01H[=3h[2J[01;01H[2J[01;01H[=3h[2J[01;01H[2J[01;01H[=3h[2J[01;01HBdsDxe: failed to load Boot0001 "UEFI QEMU HARDDISK QM00001 " from PciRoot(0x0)/Pci(0x1F,0x2)/Sata(0x0,0xFFFF,0x0): Not Found
BdsDxe: loading Boot0002 "EFI Internal Shell" from Fv(7CB8BDC9-F8EB-4F34-AAEA-3EE4AF6516A1)/FvFile(7C04A583-9E3E-4F1C-AD65-E05268D0B4D1)
BdsDxe: starting Boot0002 "EFI Internal Shell" from Fv(7CB8BDC9-F8EB-4F34-AAEA-3EE4AF6516A1)/FvFile(7C04A583-9E3E-4F1C-AD65-E05268D0B4D1)
[2J[01;01H[01;01HUEFI Interactive Shell v2.2
EDK II
UEFI v2.70 (EDK II, 0x00010000)
[1m[33m[40mMapping table[0m[37m[40m
[1m[33m[40m      FS0:[0m[37m[40m [1m[37m[40mAlias(s):[0m[37m[40mHD0a65535a1:;BLK1:
          PciRoot(0x0)/Pci(0x1F,0x2)/Sata(0x0,0xFFFF,0x0)/HD(1,MBR,0xBE1AFDFA,0x3F,0xFBFC1)
[1m[33m[40m     BLK0:[0m[37m[40m [1m[37m[40mAlias(s):[0m[37m[40m
          PciRoot(0x0)/Pci(0x1F,0x2)/Sata(0x0,0xFFFF,0x0)
[09;01HPress [1m[37m[40mESC[0m[37m[40m in 5 seconds to skip [1m[33m[40mstartup.nsh[0m[37m[40m or any other key to continue.
[1m[33m[40mShell> [0m[37m[40mmain.efi
Image base: 0x3DF6D000
APIC 0 base: 0xFEE00000
IPI CPU 1
IPI CPU 2
IPI CPU 3
IPI CPU 4
IPI CPU 5
IPI CPU 6
IPI CPU 7
IPI CPU 8
IPI CPU 9
IPI CPU 10
IPI CPU 11
IPI CPU 12
IPI CPU 13
IPI CPU 14
IPI CPU 15
IPI CPU 1 to 0x8000
IPI CPU 2 to 0x8000
IPI CPU 3 to 0x8000
IPI CPU 4 to 0x8000
IPI CPU 5 to 0x8000
IPI CPU 6 to 0x8000
IPI CPU 7 to 0x8000
IPI CPU 8 to 0x8000
IPI CPU 9 to 0x8000
IPI CPU 10 to 0x8000
IPI CPU 11 to 0x8000
IPI CPU 12 to 0x8000
IPI CPU 13 to 0x8000
IPI CPU 14 to 0x8000
IPI CPU 15 to 0x8000
Done!
